Replace Part C1 ECAP 100uF 50V in C:\Users\sdorunts\Desktop\BMSTU Altium\TKS HW\LBP\LBP.SchDoc with ECAP 100uF 50V from LBP.SchLib
Replace Part C2 ECAP 4700uF 50V in C:\Users\sdorunts\Desktop\BMSTU Altium\TKS HW\LBP\LBP.SchDoc with ECAP 4700uF 50V from LBP.SchLib
Replace Part C3 ECAP 2.2uF 50V in C:\Users\sdorunts\Desktop\BMSTU Altium\TKS HW\LBP\LBP.SchDoc with ECAP 2.2uF 50V from LBP.SchLib
Replace Part C4 CAP 220pF in C:\Users\sdorunts\Desktop\BMSTU Altium\TKS HW\LBP\LBP.SchDoc with CAP 220pF from LBP.SchLib
Replace Part DA1 LM723CN in C:\Users\sdorunts\Desktop\BMSTU Altium\TKS HW\LBP\LBP.SchDoc with LM723CN from LBP.SchLib
Replace Part O1 Connection Pad in C:\Users\sdorunts\Desktop\BMSTU Altium\TKS HW\LBP\LBP.SchDoc with Connection Pad from LBP.SchLib
Replace Part O2 Connection Pad in C:\Users\sdorunts\Desktop\BMSTU Altium\TKS HW\LBP\LBP.SchDoc with Connection Pad from LBP.SchLib
Replace Part O3 Connection Pad in C:\Users\sdorunts\Desktop\BMSTU Altium\TKS HW\LBP\LBP.SchDoc with Connection Pad from LBP.SchLib
Replace Part O4 Connection Pad in C:\Users\sdorunts\Desktop\BMSTU Altium\TKS HW\LBP\LBP.SchDoc with Connection Pad from LBP.SchLib
Replace Part R1 Res 0.125W in C:\Users\sdorunts\Desktop\BMSTU Altium\TKS HW\LBP\LBP.SchDoc with Res 0.125W from LBP.SchLib
Replace Part R2 Res 0.125W in C:\Users\sdorunts\Desktop\BMSTU Altium\TKS HW\LBP\LBP.SchDoc with Res 0.125W from LBP.SchLib
Replace Part R3 Res 0.125W in C:\Users\sdorunts\Desktop\BMSTU Altium\TKS HW\LBP\LBP.SchDoc with Res 0.125W from LBP.SchLib
Replace Part R4 Res 0.125W in C:\Users\sdorunts\Desktop\BMSTU Altium\TKS HW\LBP\LBP.SchDoc with Res 0.125W from LBP.SchLib
Replace Part R5 Potentiometer in C:\Users\sdorunts\Desktop\BMSTU Altium\TKS HW\LBP\LBP.SchDoc with Potentiometer from LBP.SchLib
Replace Part R6 Res 0.125W in C:\Users\sdorunts\Desktop\BMSTU Altium\TKS HW\LBP\LBP.SchDoc with Res 0.125W from LBP.SchLib
Replace Part R7 Potentiometer in C:\Users\sdorunts\Desktop\BMSTU Altium\TKS HW\LBP\LBP.SchDoc with Potentiometer from LBP.SchLib
Replace Part R8 Res 0.125W in C:\Users\sdorunts\Desktop\BMSTU Altium\TKS HW\LBP\LBP.SchDoc with Res 0.125W from LBP.SchLib
Replace Part R9 Res 0.125W in C:\Users\sdorunts\Desktop\BMSTU Altium\TKS HW\LBP\LBP.SchDoc with Res 0.125W from LBP.SchLib
Replace Part R10 Res 0.125W in C:\Users\sdorunts\Desktop\BMSTU Altium\TKS HW\LBP\LBP.SchDoc with Res 0.125W from LBP.SchLib
Replace Part R11 Res 0.125W in C:\Users\sdorunts\Desktop\BMSTU Altium\TKS HW\LBP\LBP.SchDoc with Res 0.125W from LBP.SchLib
Replace Part R12 Res 2W in C:\Users\sdorunts\Desktop\BMSTU Altium\TKS HW\LBP\LBP.SchDoc with Res 2W from LBP.SchLib
Replace Part VD1 KBL404 in C:\Users\sdorunts\Desktop\BMSTU Altium\TKS HW\LBP\LBP.SchDoc with KBL404 from LBP.SchLib
Replace Part VT1 TIP3055 in C:\Users\sdorunts\Desktop\BMSTU Altium\TKS HW\LBP\LBP.SchDoc with TIP3055 from LBP.SchLib
Replace Part VT2 BD140 in C:\Users\sdorunts\Desktop\BMSTU Altium\TKS HW\LBP\LBP.SchDoc with BD140 from LBP.SchLib
